[SEEDDataset] Labels loaded from: /root/autodl-tmp/label.mat
[SEEDDataset] Labels: [1, 0, -1, -1, 0, 1, -1, 0, 1, 1, 0, -1, 0, 1, -1]
[SEEDDataset-DE] First file: 10_20131130.mat, 15 trials, 3394 samples, shape per sample: (62, 5)
[SEEDDataset-DE] Total: 152730 samples, shape: (152730, 62, 5), classes: [0, 1, 2]
[Subject Split] train: 14 subjects (142548 samples), test: subject 2 (10182 samples)
  Train labels: {0: 47040, 1: 46368, 2: 49140}
  Test  labels: {0: 3360, 1: 3312, 2: 3510}
[SEEDDataset] period=train, samples=142548, shape=(62, 5), classes=[0, 1, 2]
[SEEDDataset] Labels loaded from: /root/autodl-tmp/label.mat
[SEEDDataset] Labels: [1, 0, -1, -1, 0, 1, -1, 0, 1, 1, 0, -1, 0, 1, -1]
[SEEDDataset-DE] First file: 10_20131130.mat, 15 trials, 3394 samples, shape per sample: (62, 5)
[SEEDDataset-DE] Total: 152730 samples, shape: (152730, 62, 5), classes: [0, 1, 2]
[Subject Split] train: 14 subjects (142548 samples), test: subject 2 (10182 samples)
  Train labels: {0: 47040, 1: 46368, 2: 49140}
  Test  labels: {0: 3360, 1: 3312, 2: 3510}
[SEEDDataset] period=test, samples=10182, shape=(62, 5), classes=[0, 1, 2]
[所有被试] Train: (142548, 62, 5), Test: (10182, 62, 5)
  Train labels: {0: 47040, 1: 46368, 2: 49140}
  Test  labels: {0: 3360, 1: 3312, 2: 3510}
[Synthetic] (30000, 62, 5), labels: {0: 10000, 1: 10000, 2: 10000}
[Source training] using all 142548 source samples
[Model selection] no source validation split; best epoch is selected directly on the target test set
[Comparison counts] pseudo=0, target_adapted_synthetic=14254
[Protocol] target labels are used for best-epoch selection and final scoring

================================================================
source+target_adapted_synthetic: train=156802
================================================================
  starting run=1/5, epochs<=200, batch=1024, val_interval=1, patience=20
  Model: dgcnn, params: 1,021,384
  run=1: acc=0.7994, f1=0.7982
  starting run=2/5, epochs<=200, batch=1024, val_interval=1, patience=20
  Model: dgcnn, params: 1,021,384
  run=2: acc=0.8025, f1=0.8017
  starting run=3/5, epochs<=200, batch=1024, val_interval=1, patience=20
  Model: dgcnn, params: 1,021,384
  run=3: acc=0.7805, f1=0.7815
  starting run=4/5, epochs<=200, batch=1024, val_interval=1, patience=20
  Model: dgcnn, params: 1,021,384
  run=4: acc=0.8043, f1=0.8039
  starting run=5/5, epochs<=200, batch=1024, val_interval=1, patience=20
  Model: dgcnn, params: 1,021,384
  run=5: acc=0.8072, f1=0.8063
  mean: acc=0.7988+-0.0095, f1=0.7983+-0.0088
